240424 0854 - current level is 68%
240424 0854 - evaluate: no limit violation detected ==> false
240424 0856 - -------- single execution starts
240424 0856 - current level is 68%
240424 0856 - evaluate: no limit violation detected ==> false
240424 0950 - -------- new iteration starts
240424 0950 - current level is 47%
240424 0950 - evaluate: no limit violation detected ==> false
240424 0955 - -------- new iteration starts
240424 0955 - current level is 46%
240424 0955 - evaluate: no limit violation detected ==> false
240424 1000 - -------- new iteration starts
240424 1000 - current level is 43%
240424 1000 - evaluate: no limit violation detected ==> false
240424 1005 - -------- new iteration starts
240424 1005 - current level is 42%
240424 1005 - evaluate: no limit violation detected ==> false
240424 1010 - -------- new iteration starts
240424 1010 - current level is 40%
240424 1010 - evaluate: no limit violation detected ==> false
240424 1015 - -------- new iteration starts
240424 1015 - current level is 39%
240424 1015 - evaluate: no limit violation detected ==> false
240424 1020 - -------- new iteration starts
240424 1020 - current level is 37%
240424 1020 - evaluate: no limit violation detected ==> false
240424 1025 - -------- new iteration starts
240424 1025 - current level is 35%
240424 1025 - evaluate: no limit violation detected ==> false
240424 1030 - -------- new iteration starts
240424 1030 - current level is 33%
240424 1030 - evaluate: no limit violation detected ==> false
240424 1035 - -------- new iteration starts
240424 1035 - current level is 31%
240424 1035 - evaluate: no limit violation detected ==> false
240424 1040 - -------- new iteration starts
240424 1040 - current level is 30%
240424 1040 - evaluate: no limit violation detected ==> false
240424 1045 - -------- new iteration starts
240424 1045 - current level is 27%
240424 1045 - a limit has been exceeded
240424 1045 - evaluate: true
240424 1045 - place a trigger file: C:\ws\battery\trigger\240424_1045_27
240424 1050 - -------- new iteration starts
240424 1050 - current level is 24%
240424 1050 - a limit has been exceeded
240424 1050 - lastTriggerAssumedToBeInvalid: False
240424 1050 - trigger comparision allows to continue
240424 1050 - evaluate: true
240424 1050 - place a trigger file: C:\ws\battery\trigger\240424_1050_24
240424 1055 - -------- new iteration starts
240424 1055 - current level is 22%
240424 1055 - a limit has been exceeded
240424 1055 - lastTriggerAssumedToBeInvalid: False
240424 1055 - trigger comparision allows to continue
240424 1055 - evaluate: true
240424 1055 - place a trigger file: C:\ws\battery\trigger\240424_1055_22
240424 1100 - -------- new iteration starts
240424 1100 - current level is 20%
240424 1100 - a limit has been exceeded
240424 1100 - lastTriggerAssumedToBeInvalid: False
240424 1100 - trigger comparision allows to continue
240424 1100 - evaluate: true
240424 1100 - place a trigger file: C:\ws\battery\trigger\240424_1100_20
240424 1105 - -------- new iteration starts
240424 1105 - current level is 18%
240424 1105 - a limit has been exceeded
240424 1105 - lastTriggerAssumedToBeInvalid: False
240424 1105 - trigger comparision allows to continue
240424 1105 - evaluate: true
240424 1105 - place a trigger file: C:\ws\battery\trigger\240424_1105_18
240424 1110 - -------- new iteration starts
240424 1110 - current level is 21%
240424 1110 - a limit has been exceeded
240424 1110 - lastTriggerAssumedToBeInvalid: False
240424 1110 - trigger comparision allows to continue
240424 1110 - evaluate: true
240424 1110 - place a trigger file: C:\ws\battery\trigger\240424_1110_21
240424 1110 - synchronizing git repository
240424 1115 - -------- new iteration starts
240424 1115 - current level is 23%
240424 1115 - a limit has been exceeded
240424 1115 - lastTriggerAssumedToBeInvalid: True
240424 1115 - place a trigger file: C:\ws\battery\trigger\240424_1115_23
240424 1115 - synchronizing git repository
240424 1120 - -------- new iteration starts
240424 1120 - current level is 22%
240424 1120 - a limit has been exceeded
240424 1120 - lastTriggerAssumedToBeInvalid: True
240424 1120 - place a trigger file: C:\ws\battery\trigger\240424_1120_22
240424 1120 - synchronizing git repository
240424 1125 - -------- new iteration starts
240424 1125 - current level is 27%
240424 1125 - a limit has been exceeded
240424 1125 - lastTriggerAssumedToBeInvalid: True
240424 1125 - place a trigger file: C:\ws\battery\trigger\240424_1125_27
240424 1125 - synchronizing git repository
240424 1130 - -------- new iteration starts
240424 1130 - current level is 24%
240424 1130 - a limit has been exceeded
240424 1130 - lastTriggerAssumedToBeInvalid: True
240424 1130 - place a trigger file: C:\ws\battery\trigger\240424_1130_24
240424 1130 - synchronizing git repository
240424 1135 - -------- new iteration starts
240424 1135 - current level is 21%
240424 1135 - a limit has been exceeded
240424 1135 - lastTriggerAssumedToBeInvalid: True
240424 1135 - place a trigger file: C:\ws\battery\trigger\240424_1135_21
240424 1135 - synchronizing git repository
240424 1140 - -------- new iteration starts
240424 1140 - current level is 23%
240424 1140 - a limit has been exceeded
240424 1140 - lastTriggerAssumedToBeInvalid: True
240424 1140 - place a trigger file: C:\ws\battery\trigger\240424_1140_23
240424 1140 - synchronizing git repository
240424 1146 - -------- new iteration starts
240424 1146 - current level is 28%
240424 1146 - a limit has been exceeded
240424 1146 - lastTriggerAssumedToBeInvalid: True
240424 1146 - place a trigger file: C:\ws\battery\trigger\240424_1146_28
240424 1146 - synchronizing git repository
240424 1151 - -------- new iteration starts
240424 1151 - current level is 28%
240424 1151 - a limit has been exceeded
240424 1151 - lastTriggerAssumedToBeInvalid: True
240424 1151 - place a trigger file: C:\ws\battery\trigger\240424_1151_28
240424 1151 - synchronizing git repository
