240425 1235 - synchronizing git repository
240425 1240 - - done -
240425 1240 - -------- 04.25 12:40 --------
240425 1240 - new iteration starts
240425 1240 - current level is 31%
240425 1240 - 30(l) <= 31 <= 80(u)
240425 1240 - no limit has been violated
240425 1240 - evaluate ==> no trigger
240425 1245 - - done -
240425 1245 - -------- 04.25 12:45 --------
240425 1245 - new iteration starts
240425 1245 - current level is 36%
240425 1245 - 30(l) <= 36 <= 80(u)
240425 1245 - no limit has been violated
240425 1245 - evaluate ==> no trigger
240425 1250 - - done -
240425 1250 - -------- 04.25 12:50 --------
240425 1250 - new iteration starts
240425 1250 - current level is 41%
240425 1250 - 30(l) <= 41 <= 80(u)
240425 1250 - no limit has been violated
240425 1250 - evaluate ==> no trigger
240425 1255 - - done -
240425 1255 - -------- 04.25 12:55 --------
240425 1255 - new iteration starts
240425 1255 - current level is 46%
240425 1255 - 30(l) <= 46 <= 80(u)
240425 1255 - no limit has been violated
240425 1255 - evaluate ==> no trigger
240425 1300 - - done -
240425 1300 - -------- 04.25 13:00 --------
240425 1300 - new iteration starts
240425 1300 - current level is 51%
240425 1300 - 30(l) <= 51 <= 80(u)
240425 1300 - no limit has been violated
240425 1300 - evaluate ==> no trigger
240425 1305 - - done -
240425 1305 - -------- 04.25 13:05 --------
240425 1305 - new iteration starts
240425 1305 - current level is 56%
240425 1305 - 30(l) <= 56 <= 80(u)
240425 1305 - no limit has been violated
240425 1305 - evaluate ==> no trigger
240425 1310 - - done -
240425 1310 - -------- 04.25 13:10 --------
240425 1310 - new iteration starts
240425 1310 - current level is 60%
240425 1310 - 30(l) <= 60 <= 80(u)
240425 1310 - no limit has been violated
240425 1310 - evaluate ==> no trigger
240425 1315 - - done -
240425 1315 - -------- 04.25 13:15 --------
240425 1315 - new iteration starts
240425 1315 - current level is 65%
240425 1315 - 30(l) <= 65 <= 80(u)
240425 1315 - no limit has been violated
240425 1315 - evaluate ==> no trigger
240425 1320 - - done -
240425 1320 - -------- 04.25 13:20 --------
240425 1320 - new iteration starts
240425 1320 - current level is 69%
240425 1320 - 30(l) <= 69 <= 80(u)
240425 1320 - no limit has been violated
240425 1320 - evaluate ==> no trigger
240425 1325 - - done -
240425 1325 - -------- 04.25 13:25 --------
240425 1325 - new iteration starts
240425 1325 - current level is 73%
240425 1325 - 30(l) <= 73 <= 80(u)
240425 1325 - no limit has been violated
240425 1325 - evaluate ==> no trigger
240425 1330 - - done -
240425 1330 - -------- 04.25 13:30 --------
240425 1330 - new iteration starts
240425 1330 - current level is 77%
240425 1330 - 30(l) <= 77 <= 80(u)
240425 1330 - no limit has been violated
240425 1330 - evaluate ==> no trigger
240425 1335 - - done -
240425 1335 - -------- 04.25 13:35 --------
240425 1335 - new iteration starts
240425 1335 - current level is 75%
240425 1335 - 30(l) <= 75 <= 80(u)
240425 1335 - no limit has been violated
240425 1335 - evaluate ==> no trigger
240425 1340 - - done -
240425 1340 - -------- 04.25 13:40 --------
240425 1340 - new iteration starts
240425 1340 - current level is 72%
240425 1340 - 30(l) <= 72 <= 80(u)
240425 1340 - no limit has been violated
240425 1340 - evaluate ==> no trigger
240425 1345 - - done -
240425 1345 - -------- 04.25 13:45 --------
240425 1345 - new iteration starts
240425 1345 - current level is 70%
240425 1345 - 30(l) <= 70 <= 80(u)
240425 1345 - no limit has been violated
240425 1345 - evaluate ==> no trigger
240425 1350 - - done -
240425 1350 - -------- 04.25 13:50 --------
240425 1350 - new iteration starts
240425 1350 - current level is 68%
240425 1350 - 30(l) <= 68 <= 80(u)
240425 1350 - no limit has been violated
240425 1350 - evaluate ==> no trigger
240425 1355 - - done -
240425 1355 - -------- 04.25 13:55 --------
240425 1355 - new iteration starts
240425 1355 - current level is 66%
240425 1355 - 30(l) <= 66 <= 80(u)
240425 1355 - no limit has been violated
240425 1355 - evaluate ==> no trigger
240425 1400 - - done -
240425 1400 - -------- 04.25 14:00 --------
240425 1400 - new iteration starts
240425 1400 - current level is 64%
240425 1400 - 30(l) <= 64 <= 80(u)
240425 1400 - no limit has been violated
240425 1400 - evaluate ==> no trigger
240425 1405 - - done -
240425 1405 - -------- 04.25 14:05 --------
240425 1405 - new iteration starts
240425 1405 - current level is 65%
240425 1405 - 30(l) <= 65 <= 80(u)
240425 1405 - no limit has been violated
240425 1405 - evaluate ==> no trigger
240425 1410 - - done -
240425 1410 - -------- 04.25 14:10 --------
240425 1410 - new iteration starts
240425 1410 - current level is 63%
240425 1410 - 30(l) <= 63 <= 80(u)
240425 1410 - no limit has been violated
240425 1410 - evaluate ==> no trigger
240425 1415 - - done -
240425 1415 - -------- 04.25 14:15 --------
240425 1415 - new iteration starts
240425 1415 - current level is 60%
240425 1415 - 30(l) <= 60 <= 80(u)
240425 1415 - no limit has been violated
240425 1415 - evaluate ==> no trigger
240425 1420 - - done -
240425 1420 - -------- 04.25 14:20 --------
240425 1420 - new iteration starts
240425 1420 - current level is 58%
240425 1420 - 30(l) <= 58 <= 80(u)
240425 1420 - no limit has been violated
240425 1420 - evaluate ==> no trigger
240425 1425 - - done -
240425 1425 - -------- 04.25 14:25 --------
240425 1425 - new iteration starts
240425 1425 - current level is 56%
240425 1425 - 30(l) <= 56 <= 80(u)
240425 1425 - no limit has been violated
240425 1425 - evaluate ==> no trigger
240425 1430 - - done -
240425 1430 - -------- 04.25 14:30 --------
240425 1430 - new iteration starts
240425 1430 - current level is 53%
240425 1430 - 30(l) <= 53 <= 80(u)
240425 1430 - no limit has been violated
240425 1430 - evaluate ==> no trigger
240425 1435 - - done -
240425 1435 - -------- 04.25 14:35 --------
240425 1435 - new iteration starts
240425 1435 - current level is 51%
240425 1435 - 30(l) <= 51 <= 80(u)
240425 1435 - no limit has been violated
240425 1435 - evaluate ==> no trigger
240425 1440 - - done -
240425 1440 - -------- 04.25 14:40 --------
240425 1440 - new iteration starts
240425 1440 - current level is 49%
240425 1440 - 30(l) <= 49 <= 80(u)
240425 1440 - no limit has been violated
240425 1440 - evaluate ==> no trigger
240425 1445 - - done -
240425 1445 - -------- 04.25 14:45 --------
240425 1445 - new iteration starts
240425 1445 - current level is 47%
240425 1445 - 30(l) <= 47 <= 80(u)
240425 1445 - no limit has been violated
240425 1445 - evaluate ==> no trigger
240425 1450 - - done -
240425 1450 - -------- 04.25 14:50 --------
240425 1450 - new iteration starts
240425 1450 - current level is 45%
240425 1450 - 30(l) <= 45 <= 80(u)
240425 1450 - no limit has been violated
240425 1450 - evaluate ==> no trigger
240425 1455 - - done -
240425 1455 - -------- 04.25 14:55 --------
240425 1455 - new iteration starts
240425 1455 - current level is 43%
240425 1455 - 30(l) <= 43 <= 80(u)
240425 1455 - no limit has been violated
240425 1455 - evaluate ==> no trigger
240425 1500 - - done -
240425 1500 - -------- 04.25 15:00 --------
240425 1500 - new iteration starts
240425 1500 - current level is 40%
240425 1500 - 30(l) <= 40 <= 80(u)
240425 1500 - no limit has been violated
240425 1500 - evaluate ==> no trigger
240425 1505 - - done -
240425 1505 - -------- 04.25 15:05 --------
240425 1505 - new iteration starts
240425 1505 - current level is 38%
240425 1505 - 30(l) <= 38 <= 80(u)
240425 1505 - no limit has been violated
240425 1505 - evaluate ==> no trigger
240425 1510 - - done -
240425 1510 - -------- 04.25 15:10 --------
240425 1510 - new iteration starts
240425 1510 - current level is 36%
240425 1510 - 30(l) <= 36 <= 80(u)
240425 1510 - no limit has been violated
240425 1510 - evaluate ==> no trigger
240425 1515 - - done -
240425 1515 - -------- 04.25 15:15 --------
240425 1515 - new iteration starts
240425 1515 - current level is 34%
240425 1515 - 30(l) <= 34 <= 80(u)
240425 1515 - no limit has been violated
240425 1515 - evaluate ==> no trigger
240425 1520 - - done -
240425 1520 - -------- 04.25 15:20 --------
240425 1520 - new iteration starts
240425 1520 - current level is 32%
240425 1520 - 30(l) <= 32 <= 80(u)
240425 1520 - no limit has been violated
240425 1520 - evaluate ==> no trigger
240425 1525 - - done -
240425 1525 - -------- 04.25 15:25 --------
240425 1525 - new iteration starts
240425 1525 - current level is 31%
240425 1525 - 30(l) <= 31 <= 80(u)
240425 1525 - no limit has been violated
240425 1525 - evaluate ==> no trigger
240425 1530 - - done -
240425 1530 - -------- 04.25 15:30 --------
240425 1530 - new iteration starts
240425 1530 - current level is 29%
240425 1530 - 29 <= 30(l) <= 80(u)
240425 1530 - lower limit has been violated
240425 1530 - last trigger was placed due to 28% at 11:39
240425 1530 - 28 <= 30(l) <= 80(u)
240425 1530 - last trigger was due to lower limit violation but it is too old
240425 1530 - a new trigger must be set
240425 1530 - triggering with 29%
240425 1530 - place a trigger file: C:\ws\battery\trigger\trigger_240425_1530_29
240425 1530 - synchronizing git repository
240425 1535 - - done -
240425 1535 - -------- 04.25 15:35 --------
240425 1535 - new iteration starts
240425 1535 - current level is 28%
240425 1535 - 28 <= 30(l) <= 80(u)
240425 1535 - lower limit has been violated
240425 1535 - last trigger was placed due to 28% at 11:39
240425 1535 - 28 <= 30(l) <= 80(u)
240425 1535 - last trigger was due to lower limit violation but it is too old
240425 1535 - a new trigger must be set
240425 1535 - triggering with 28%
240425 1535 - place a trigger file: C:\ws\battery\trigger\trigger_240425_1535_28
240425 1535 - synchronizing git repository
240425 1540 - - done -
240425 1540 - -------- 04.25 15:40 --------
240425 1540 - new iteration starts
240425 1540 - current level is 27%
240425 1540 - 27 <= 30(l) <= 80(u)
240425 1540 - lower limit has been violated
240425 1540 - last trigger was placed due to 28% at 11:39
240425 1540 - 28 <= 30(l) <= 80(u)
240425 1540 - last trigger was due to lower limit violation but it is too old
240425 1540 - a new trigger must be set
240425 1540 - triggering with 27%
240425 1540 - place a trigger file: C:\ws\battery\trigger\trigger_240425_1540_27
240425 1540 - synchronizing git repository
240425 1545 - - done -
240425 1545 - -------- 04.25 15:45 --------
240425 1545 - new iteration starts
240425 1545 - current level is 25%
240425 1545 - 25 <= 30(l) <= 80(u)
240425 1545 - lower limit has been violated
240425 1545 - last trigger was placed due to 28% at 11:39
240425 1545 - 28 <= 30(l) <= 80(u)
240425 1545 - last trigger was due to lower limit violation but it is too old
240425 1545 - a new trigger must be set
240425 1545 - triggering with 25%
240425 1545 - place a trigger file: C:\ws\battery\trigger\trigger_240425_1545_25
240425 1545 - synchronizing git repository
240425 1550 - - done -
240425 1550 - -------- 04.25 15:50 --------
240425 1550 - new iteration starts
240425 1550 - current level is 23%
240425 1550 - 23 <= 30(l) <= 80(u)
240425 1550 - lower limit has been violated
240425 1550 - last trigger was placed due to 28% at 11:39
240425 1550 - 28 <= 30(l) <= 80(u)
240425 1550 - last trigger was due to lower limit violation but it is too old
240425 1550 - a new trigger must be set
240425 1550 - triggering with 23%
240425 1550 - place a trigger file: C:\ws\battery\trigger\trigger_240425_1550_23
240425 1550 - synchronizing git repository
240425 1555 - - done -
240425 1555 - -------- 04.25 15:55 --------
240425 1555 - new iteration starts
240425 1555 - current level is 21%
240425 1555 - 21 <= 30(l) <= 80(u)
240425 1555 - lower limit has been violated
240425 1555 - last trigger was placed due to 28% at 11:39
240425 1555 - 28 <= 30(l) <= 80(u)
240425 1555 - last trigger was due to lower limit violation but it is too old
240425 1555 - a new trigger must be set
240425 1555 - triggering with 21%
240425 1555 - place a trigger file: C:\ws\battery\trigger\trigger_240425_1555_21
240425 1555 - synchronizing git repository
240425 1600 - - done -
240425 1600 - -------- 04.25 16:00 --------
240425 1600 - new iteration starts
240425 1600 - current level is 19%
240425 1600 - 19 <= 30(l) <= 80(u)
240425 1600 - lower limit has been violated
240425 1600 - last trigger was placed due to 28% at 11:39
240425 1600 - 28 <= 30(l) <= 80(u)
240425 1600 - last trigger was due to lower limit violation but it is too old
240425 1600 - a new trigger must be set
240425 1600 - triggering with 19%
240425 1600 - place a trigger file: C:\ws\battery\trigger\trigger_240425_1600_19
240425 1600 - synchronizing git repository
240425 1606 - - done -
240425 1606 - -------- 04.25 16:06 --------
240425 1606 - new iteration starts
240425 1606 - current level is 22%
240425 1606 - 22 <= 30(l) <= 80(u)
240425 1606 - lower limit has been violated
240425 1606 - last trigger was placed due to 28% at 11:39
240425 1606 - 28 <= 30(l) <= 80(u)
240425 1606 - last trigger was due to lower limit violation but it is too old
240425 1606 - a new trigger must be set
240425 1606 - triggering with 22%
240425 1606 - place a trigger file: C:\ws\battery\trigger\trigger_240425_1606_22
240425 1606 - synchronizing git repository
240425 1611 - - done -
240425 1611 - -------- 04.25 16:11 --------
240425 1611 - new iteration starts
240425 1611 - current level is 27%
240425 1611 - 27 <= 30(l) <= 80(u)
240425 1611 - lower limit has been violated
240425 1611 - last trigger was placed due to 28% at 11:39
240425 1611 - 28 <= 30(l) <= 80(u)
240425 1611 - last trigger was due to lower limit violation but it is too old
240425 1611 - a new trigger must be set
240425 1611 - triggering with 27%
240425 1611 - place a trigger file: C:\ws\battery\trigger\trigger_240425_1611_27
240425 1611 - synchronizing git repository
240425 1616 - - done -
240425 1616 - -------- 04.25 16:16 --------
240425 1616 - new iteration starts
240425 1616 - current level is 32%
240425 1616 - 30(l) <= 32 <= 80(u)
240425 1616 - no limit has been violated
240425 1616 - evaluate ==> no trigger
240425 1621 - - done -
240425 1621 - -------- 04.25 16:21 --------
240425 1621 - new iteration starts
240425 1621 - current level is 37%
240425 1621 - 30(l) <= 37 <= 80(u)
240425 1621 - no limit has been violated
240425 1621 - evaluate ==> no trigger
240425 1625 - -------- 04.25 16:25 --------
240425 1625 - new iteration starts
240425 1625 - current level is 42%
240425 1625 - 40(l) <= 42 <= 80(u)
240425 1625 - no limit has been violated
240425 1625 - evaluate ==> no trigger
240425 1625 - -------- 04.25 16:25 --------
240425 1625 - new iteration starts
240425 1625 - current level is 42%
240425 1625 - 42 <= 45(l) <= 80(u)
240425 1625 - lower limit has been violated
240425 1625 - evaluation decides to trigger
240425 1625 - triggering with 42%
240425 1625 - place a trigger file: C:\ws\battery\trigger\trigger_240425_1625_42
240425 1625 - synchronizing git repository
